make all --print-data-base --no-builtin-variables --no-builtin-rules --question
make: *** No rule to make target 'all'.  Stop.

# GNU Make 4.4
# Built for x86_64-pc-linux-gnu
# Copyright (C) 1988-2022 Free Software Foundation, Inc.
# License GPLv3+: GNU GPL version 3 or later <https://gnu.org/licenses/gpl.html>
# This is free software: you are free to change and redistribute it.
# There is NO WARRANTY, to the extent permitted by law.

# Make data base, printed on Sun Apr  2 07:30:36 2023

# Variables

# environment
GDK_BACKEND = x11
# environment
LC_ALL = C
# environment
NO_AT_BRIDGE = 1
# environment
GTK_RC_FILES = /etc/gtk/gtkrc:/home/ajmal/.gtkrc:/home/ajmal/.config/gtkrc
# environment
SNAP_LAUNCHER_ARCH_TRIPLET = x86_64-linux-gnu
# environment
LC_NAME = en_IN
# environment
LC_NUMERIC = en_IN
# environment
VSCODE_CRASH_REPORTER_PROCESS_TYPE = extensionHost
# environment
VSCODE_CWD = /home/ajmal
# environment
LC_ADDRESS = en_IN
# default
MAKE_COMMAND := make
# automatic
@D = $(patsubst %/,%,$(dir $@))
# environment
SNAP_INSTANCE_NAME = code
# environment
GDK_PIXBUF_MODULEDIR = /snap/code/123/usr/lib/x86_64-linux-gnu/gdk-pixbuf-2.0/2.10.0/loaders
# environment
VSCODE_HANDLES_UNCAUGHT_ERRORS = true
# default
.VARIABLES := 
# environment
PWD = /home/ajmal/Projects/dev/portfolio-v2
# automatic
%D = $(patsubst %/,%,$(dir $%))
# environment
LSCOLORS = Gxfxcxdxbxegedabagacad
# environment
MAIL = /var/spool/mail/ajmal
# environment
XDG_DATA_DIRS = /home/ajmal/snap/code/123/.local/share:/home/ajmal/snap/code/123:/snap/code/123/usr/share:/usr/local/share:/usr/share:/var/lib/snapd/desktop
# environment
OLDPWD = /home/ajmal
# automatic
^D = $(patsubst %/,%,$(dir $^))
# automatic
%F = $(notdir $%)
# environment
VSCODE_CODE_CACHE_PATH = /home/ajmal/.config/Code/CachedData/7f329fe6c66b0f86ae1574c2911b681ad5a45d63
# environment
XDG_SESSION_PATH = /org/freedesktop/DisplayManager/Session1
# environment
LANG = C
# environment
XAUTHORITY = /home/ajmal/.Xauthority
# default
.LOADED := 
# default
.INCLUDE_DIRS := /usr/local/include /usr/include
# makefile
MAKEFLAGS = pqrR
# environment
GTK_USE_PORTAL = 1
# makefile
CURDIR := /home/ajmal/Projects/dev/portfolio-v2
# environment
APPLICATION_INSIGHTS_NO_DIAGNOSTIC_CHANNEL = 1
# environment
VSCODE_L10N_BUNDLE_LOCATION = 
# automatic
*D = $(patsubst %/,%,$(dir $*))
# environment
PAM_KWALLET5_LOGIN = /run/user/1000/kwallet5.socket
# environment
MFLAGS = -pqrR
# default
.SHELLFLAGS := -c
# environment
QT_LINUX_ACCESSIBILITY_ALWAYS_ON = 1
# environment
XDG_CONFIG_DIRS = /home/ajmal/.config/kdedefaults:/etc/xdg
# automatic
+D = $(patsubst %/,%,$(dir $+))
# environment
P9K_SSH = 0
# environment
XCURSOR_THEME = Sweet-cursors
# environment
XDG_SESSION_DESKTOP = KDE
# makefile (from 'Makefile', line 1)
MAKEFILE_LIST := Makefile
# environment
CONDA_SHLVL = 0
# automatic
@F = $(notdir $@)
# environment
ZSH = /home/ajmal/.oh-my-zsh
# environment
VSCODE_PID = 83841
# environment
XDG_SESSION_TYPE = x11
# environment
CUDA_PATH = /opt/cuda
# automatic
?D = $(patsubst %/,%,$(dir $?))
# environment
BAMF_DESKTOP_FILE_HINT = /var/lib/snapd/desktop/applications/code_code.desktop
# environment
CONDA_PYTHON_EXE = /home/ajmal/miniconda3/bin/python
# environment
SESSION_MANAGER = local/ajmal-manjaro:@/tmp/.ICE-unix/1154,unix/ajmal-manjaro:/tmp/.ICE-unix/1154
# automatic
*F = $(notdir $*)
# environment
CHROME_DESKTOP = code-url-handler.desktop
# environment
DBUS_SESSION_BUS_ADDRESS = unix:path=/run/user/1000/bus
# automatic
<D = $(patsubst %/,%,$(dir $<))
# environment
VSCODE_NLS_CONFIG = {"locale":"en-us","osLocale":"en-in","availableLanguages":{},"_languagePackSupport":true}
# default
MAKE_HOST := x86_64-pc-linux-gnu
# environment
GTK_PATH = /snap/code/123/usr/lib/x86_64-linux-gnu/gtk-3.0
# makefile
SHELL = /bin/sh
# default
MAKECMDGOALS := all
# environment
LD_LIBRARY_PATH = /usr/local/cuda/lib
# environment
SHLVL = 1
# environment
MAKELEVEL := 0
# default
MAKE = $(MAKE_COMMAND)
# environment
SNAP_COOKIE = -CRwRsb3C7J-_ooEYh7IOCkd7LqlAqT91pJAOydUQdYOXRk-LN8w
# environment
PATH = /home/ajmal/google-cloud-sdk/bin:/home/ajmal/miniconda3/condabin:/home/ajmal/src/flutter/bin:/home/ajmal/tools/nvim-linux64/bin:/home/ajmal/bin:/usr/local/bin:/home/ajmal/.local/bin:/home/ajmal/.cargo/bin:/usr/local/sbin:/usr/local/bin:/usr/bin:/opt/cuda/bin:/opt/cuda/nsight_compute:/opt/cuda/nsight_systems/bin:/usr/lib/jvm/default/bin:/usr/bin/site_perl:/usr/bin/vendor_perl:/usr/bin/core_perl:/var/lib/snapd/snap/bin:/opt/cuda/bin:/opt/cuda/nsight_compute:/opt/cuda/nsight_systems/bin:/usr/local/cuda/bin:/usr/bin/Postman:/home/ajmal/.node_modules_global/bin:/home/ajmal/.fzf/bin:/home/ajmal
# default
MAKEFILES := 
# environment
LC_MONETARY = en_IN
# environment
MOTD_SHOWN = pam
# automatic
^F = $(notdir $^)
# environment
SNAP_USER_COMMON = /home/ajmal/snap/code/common
# environment
LC_TIME = en_IN
# environment
AWS_VAULT_BACKEND = file
# environment
SNAP = /snap/code/123
# environment
INVOCATION_ID = 700fbf1b62ea4b678ebe39fbb77f3b5d
# environment
SNAP_REVISION = 123
# environment
SNAP_REAL_HOME = /home/ajmal
# environment
LC_TELEPHONE = en_IN
# automatic
?F = $(notdir $?)
# environment
KDE_APPLICATIONS_AS_SCOPE = 1
# environment
GTK_IM_MODULE_FILE = /home/ajmal/snap/code/common/.cache/immodules/immodules.cache
# environment
XDG_SEAT = seat0
# environment
XDG_CURRENT_DESKTOP = KDE
# automatic
+F = $(notdir $+)
# environment
XDG_SEAT_PATH = /org/freedesktop/DisplayManager/Seat0
# environment
LESS = -R
# environment
DESKTOP_SESSION = plasma
# environment
ORIGINAL_XDG_CURRENT_DESKTOP = KDE
# environment
LOCPATH = /snap/code/123/usr/lib/locale
# 'override' directive
GNUMAKEFLAGS := 
# environment
QT_SCREEN_SCALE_FACTORS = eDP-1=1;HDMI-1=1;
# environment
LOGNAME = ajmal
# environment
SNAP_ARCH = amd64
# environment
XDG_VTNR = 1
# makefile
.DEFAULT_GOAL := change-deploy-app
# environment
SYSTEMD_EXEC_PID = 1242
# environment
DISPLAY = :0
# environment
GTK_MODULES = canberra-gtk-module
# environment
USER = ajmal
# default
MAKE_VERSION := 4.4
# environment
KDE_SESSION_UID = 1000
# environment
SNAP_DATA = /var/snap/code/123
# environment
SNAP_CONTEXT = -CRwRsb3C7J-_ooEYh7IOCkd7LqlAqT91pJAOydUQdYOXRk-LN8w
# environment
MANAGERPID = 1064
# environment
LC_MEASUREMENT = en_IN
# environment
DEBUGINFOD_URLS = https://debuginfod.archlinux.org
# environment
PAGER = less
# environment
_ = /usr/bin/make
# environment
LC_PAPER = en_IN
# environment
XDG_RUNTIME_DIR = /run/user/1000
# environment
GDK_PIXBUF_MODULE_FILE = /home/ajmal/snap/code/common/.cache/gdk-pixbuf-loaders.cache
# environment
GIO_MODULE_DIR = /home/ajmal/snap/code/common/.cache/gio-modules
# environment
JOURNAL_STREAM = 8:26050
# environment
XDG_SESSION_CLASS = user
# environment
VSCODE_AMD_ENTRYPOINT = vs/workbench/api/node/extensionHostProcess
# environment
GTK2_RC_FILES = /etc/gtk-2.0/gtkrc:/home/ajmal/.gtkrc-2.0:/home/ajmal/.config/gtkrc-2.0
# environment
HOME = /home/ajmal
# environment
ELECTRON_RUN_AS_NODE = 1
# environment
VSCODE_IPC_HOOK = /run/user/1000/vscode-2858b988-1.77-main.sock
# environment
GTK_EXE_PREFIX = /snap/code/123/usr
# environment
SNAP_NAME = code
# environment
XDG_SESSION_ID = 2
# environment
XCURSOR_SIZE = 24
# default
.RECIPEPREFIX := 
# automatic
<F = $(notdir $<)
# environment
SNAP_VERSION = 7f329fe6
# environment
VSCODE_CRASH_REPORTER_SANDBOXED_HINT = 1
# default
SUFFIXES := 
# environment
QT_AUTO_SCREEN_SCALE_FACTOR = 0
# environment
VSCODE_CLI = 1
# environment
ELECTRON_NO_ATTACH_CONSOLE = 1
# environment
SNAP_COMMON = /var/snap/code/common
# environment
KDE_SESSION_VERSION = 5
# default
.FEATURES := target-specific order-only second-expansion else-if shortest-stem undefine oneshell nocomment grouped-target extra-prereqs notintermediate shell-export archives jobserver jobserver-fifo output-sync check-symlink guile load
# environment
KDE_FULL_SESSION = true
# environment
SNAP_USER_DATA = /home/ajmal/snap/code/123
# environment
CONDA_EXE = /home/ajmal/miniconda3/bin/conda
# environment
LC_IDENTIFICATION = en_IN
 
# environment
SNAP_LIBRARY_PATH = /var/lib/snapd/lib/gl:/var/lib/snapd/lib/gl32:/var/lib/snapd/void
# variable set hash-table stats:
# Load=144/1024=14%, Rehash=0, Collisions=10/177=6%

# Pattern-specific Variable Values

# No pattern-specific variable values.

# Directories

# . (device 66308, inode 755069): 13 files, no impossibilities.

# 13 files, no impossibilities in 1 directories.

# Implicit Rules

# No implicit rules.

# Files

# Not a target:
Makefile:
#  Implicit rule search has been done.
#  File is secondary (prerequisite of .SECONDARY).
#  Last modified 2022-05-24 22:38:40.449748779
#  File has been updated.
#  Successfully updated.

change-deploy-app:
#  Implicit rule search has not been done.
#  Modification time never checked.
#  File has not been updated.
#  recipe to execute (from 'Makefile', line 2):
	@git pull origin
	@docker-compose build app
	@docker-compose up --no-deps -d app

change-deploy-frontend:
#  Implicit rule search has not been done.
#  Modification time never checked.
#  File has not been updated.
#  recipe to execute (from 'Makefile', line 8):
	@git pull origin
	@docker-compose build frontend
	@docker-compose up --no-deps -d frontend

# Not a target:
.DEFAULT:
#  Implicit rule search has not been done.
#  Modification time never checked.
#  File has not been updated.

# Not a target:
all:
#  Command line target.
#  Implicit rule search has been done.
#  File does not exist.
#  File has not been updated.

# files hash-table stats:
# Load=6/1024=1%, Rehash=0, Collisions=0/17=0%
# VPATH Search Paths

# No 'vpath' search paths.

# No general ('VPATH' variable) search path.

# strcache buffers: 1 (0) / strings = 20 / storage = 199 B / avg = 9 B
# current buf: size = 8162 B / used = 199 B / count = 20 / avg = 9 B

# strcache performance: lookups = 27 / hit rate = 25%
# hash-table stats:
# Load=20/8192=0%, Rehash=0, Collisions=0/27=0%
# Finished Make data base on Sun Apr  2 07:30:37 2023

 
